CRITICAL - 2023-01-18 09:08:18 --> Undefined variable $titulo
in APPPATH\Views\Templates\Header.php on line 6.
 1 APPPATH\Views\Templates\Header.php(6): CodeIgniter\Debug\Exceptions->errorHandler(2, 'Undefined variable $titulo', 'APPPATH\\Views\\Templates\\Header.php', 6)
 2 SYSTEMPATH\View\View.php(213): include('APPPATH\\Views\\Templates\\Header.php')
 3 SYSTEMPATH\View\View.php(216): CodeIgniter\View\View->CodeIgniter\View\{closure}()
 4 SYSTEMPATH\Common.php(1177): CodeIgniter\View\View->render('Templates/header', [], true)
 5 APPPATH\Controllers\ContactoController.php(9): view('Templates/header')
 6 SYSTEMPATH\CodeIgniter.php(934): App\Controllers\ContactoController->index()
 7 SYSTEMPATH\CodeIgniter.php(499): CodeIgniter\CodeIgniter->runController(Object(App\Controllers\ContactoController))
 8 SYSTEMPATH\CodeIgniter.php(368): CodeIgniter\CodeIgniter->handleRequest(null, Object(Config\Cache), false)
 9 FCPATH\index.php(67): CodeIgniter\CodeIgniter->run()
CRITICAL - 2023-01-18 09:09:06 --> Undefined variable $titulo
in APPPATH\Views\Templates\Header.php on line 6.
 1 APPPATH\Views\Templates\Header.php(6): CodeIgniter\Debug\Exceptions->errorHandler(2, 'Undefined variable $titulo', 'APPPATH\\Views\\Templates\\Header.php', 6)
 2 SYSTEMPATH\View\View.php(213): include('APPPATH\\Views\\Templates\\Header.php')
 3 SYSTEMPATH\View\View.php(216): CodeIgniter\View\View->CodeIgniter\View\{closure}()
 4 SYSTEMPATH\Common.php(1177): CodeIgniter\View\View->render('Templates/header', [], true)
 5 APPPATH\Controllers\ContactoController.php(9): view('Templates/header')
 6 SYSTEMPATH\CodeIgniter.php(934): App\Controllers\ContactoController->index()
 7 SYSTEMPATH\CodeIgniter.php(499): CodeIgniter\CodeIgniter->runController(Object(App\Controllers\ContactoController))
 8 SYSTEMPATH\CodeIgniter.php(368): CodeIgniter\CodeIgniter->handleRequest(null, Object(Config\Cache), false)
 9 FCPATH\index.php(67): CodeIgniter\CodeIgniter->run()
CRITICAL - 2023-01-18 09:09:07 --> Undefined variable $titulo
in APPPATH\Views\Templates\Header.php on line 6.
 1 APPPATH\Views\Templates\Header.php(6): CodeIgniter\Debug\Exceptions->errorHandler(2, 'Undefined variable $titulo', 'APPPATH\\Views\\Templates\\Header.php', 6)
 2 SYSTEMPATH\View\View.php(213): include('APPPATH\\Views\\Templates\\Header.php')
 3 SYSTEMPATH\View\View.php(216): CodeIgniter\View\View->CodeIgniter\View\{closure}()
 4 SYSTEMPATH\Common.php(1177): CodeIgniter\View\View->render('Templates/header', [], true)
 5 APPPATH\Controllers\ContactoController.php(9): view('Templates/header')
 6 SYSTEMPATH\CodeIgniter.php(934): App\Controllers\ContactoController->index()
 7 SYSTEMPATH\CodeIgniter.php(499): CodeIgniter\CodeIgniter->runController(Object(App\Controllers\ContactoController))
 8 SYSTEMPATH\CodeIgniter.php(368): CodeIgniter\CodeIgniter->handleRequest(null, Object(Config\Cache), false)
 9 FCPATH\index.php(67): CodeIgniter\CodeIgniter->run()
CRITICAL - 2023-01-18 09:09:07 --> Undefined variable $titulo
in APPPATH\Views\Templates\Header.php on line 6.
 1 APPPATH\Views\Templates\Header.php(6): CodeIgniter\Debug\Exceptions->errorHandler(2, 'Undefined variable $titulo', 'APPPATH\\Views\\Templates\\Header.php', 6)
 2 SYSTEMPATH\View\View.php(213): include('APPPATH\\Views\\Templates\\Header.php')
 3 SYSTEMPATH\View\View.php(216): CodeIgniter\View\View->CodeIgniter\View\{closure}()
 4 SYSTEMPATH\Common.php(1177): CodeIgniter\View\View->render('Templates/header', [], true)
 5 APPPATH\Controllers\ContactoController.php(9): view('Templates/header')
 6 SYSTEMPATH\CodeIgniter.php(934): App\Controllers\ContactoController->index()
 7 SYSTEMPATH\CodeIgniter.php(499): CodeIgniter\CodeIgniter->runController(Object(App\Controllers\ContactoController))
 8 SYSTEMPATH\CodeIgniter.php(368): CodeIgniter\CodeIgniter->handleRequest(null, Object(Config\Cache), false)
 9 FCPATH\index.php(67): CodeIgniter\CodeIgniter->run()
CRITICAL - 2023-01-18 09:09:07 --> Undefined variable $titulo
in APPPATH\Views\Templates\Header.php on line 6.
 1 APPPATH\Views\Templates\Header.php(6): CodeIgniter\Debug\Exceptions->errorHandler(2, 'Undefined variable $titulo', 'APPPATH\\Views\\Templates\\Header.php', 6)
 2 SYSTEMPATH\View\View.php(213): include('APPPATH\\Views\\Templates\\Header.php')
 3 SYSTEMPATH\View\View.php(216): CodeIgniter\View\View->CodeIgniter\View\{closure}()
 4 SYSTEMPATH\Common.php(1177): CodeIgniter\View\View->render('Templates/header', [], true)
 5 APPPATH\Controllers\ContactoController.php(9): view('Templates/header')
 6 SYSTEMPATH\CodeIgniter.php(934): App\Controllers\ContactoController->index()
 7 SYSTEMPATH\CodeIgniter.php(499): CodeIgniter\CodeIgniter->runController(Object(App\Controllers\ContactoController))
 8 SYSTEMPATH\CodeIgniter.php(368): CodeIgniter\CodeIgniter->handleRequest(null, Object(Config\Cache), false)
 9 FCPATH\index.php(67): CodeIgniter\CodeIgniter->run()
CRITICAL - 2023-01-18 09:09:07 --> Undefined variable $titulo
in APPPATH\Views\Templates\Header.php on line 6.
 1 APPPATH\Views\Templates\Header.php(6): CodeIgniter\Debug\Exceptions->errorHandler(2, 'Undefined variable $titulo', 'APPPATH\\Views\\Templates\\Header.php', 6)
 2 SYSTEMPATH\View\View.php(213): include('APPPATH\\Views\\Templates\\Header.php')
 3 SYSTEMPATH\View\View.php(216): CodeIgniter\View\View->CodeIgniter\View\{closure}()
 4 SYSTEMPATH\Common.php(1177): CodeIgniter\View\View->render('Templates/header', [], true)
 5 APPPATH\Controllers\ContactoController.php(9): view('Templates/header')
 6 SYSTEMPATH\CodeIgniter.php(934): App\Controllers\ContactoController->index()
 7 SYSTEMPATH\CodeIgniter.php(499): CodeIgniter\CodeIgniter->runController(Object(App\Controllers\ContactoController))
 8 SYSTEMPATH\CodeIgniter.php(368): CodeIgniter\CodeIgniter->handleRequest(null, Object(Config\Cache), false)
 9 FCPATH\index.php(67): CodeIgniter\CodeIgniter->run()
CRITICAL - 2023-01-18 09:09:07 --> Undefined variable $titulo
in APPPATH\Views\Templates\Header.php on line 6.
 1 APPPATH\Views\Templates\Header.php(6): CodeIgniter\Debug\Exceptions->errorHandler(2, 'Undefined variable $titulo', 'APPPATH\\Views\\Templates\\Header.php', 6)
 2 SYSTEMPATH\View\View.php(213): include('APPPATH\\Views\\Templates\\Header.php')
 3 SYSTEMPATH\View\View.php(216): CodeIgniter\View\View->CodeIgniter\View\{closure}()
 4 SYSTEMPATH\Common.php(1177): CodeIgniter\View\View->render('Templates/header', [], true)
 5 APPPATH\Controllers\ContactoController.php(9): view('Templates/header')
 6 SYSTEMPATH\CodeIgniter.php(934): App\Controllers\ContactoController->index()
 7 SYSTEMPATH\CodeIgniter.php(499): CodeIgniter\CodeIgniter->runController(Object(App\Controllers\ContactoController))
 8 SYSTEMPATH\CodeIgniter.php(368): CodeIgniter\CodeIgniter->handleRequest(null, Object(Config\Cache), false)
 9 FCPATH\index.php(67): CodeIgniter\CodeIgniter->run()
CRITICAL - 2023-01-18 09:37:25 --> Undefined variable $idPersona
in APPPATH\Views\contacto\persona.php on line 6.
 1 APPPATH\Views\contacto\persona.php(6): CodeIgniter\Debug\Exceptions->errorHandler(2, 'Undefined variable $idPersona', 'APPPATH\\Views\\contacto\\persona.php', 6)
 2 SYSTEMPATH\View\View.php(213): include('APPPATH\\Views\\contacto\\persona.php')
 3 SYSTEMPATH\View\View.php(216): CodeIgniter\View\View->CodeIgniter\View\{closure}()
 4 SYSTEMPATH\Common.php(1177): CodeIgniter\View\View->render('contacto/persona', [], true)
 5 APPPATH\Controllers\ContactoController.php(29): view('contacto/persona', [...])
 6 SYSTEMPATH\CodeIgniter.php(934): App\Controllers\ContactoController->getContacto('$idPersona')
 7 SYSTEMPATH\CodeIgniter.php(499): CodeIgniter\CodeIgniter->runController(Object(App\Controllers\ContactoController))
 8 SYSTEMPATH\CodeIgniter.php(368): CodeIgniter\CodeIgniter->handleRequest(null, Object(Config\Cache), false)
 9 FCPATH\index.php(67): CodeIgniter\CodeIgniter->run()
